{
  "stats": {
    "suites": 1,
    "tests": 2,
    "passes": 2,
    "pending": 0,
    "failures": 0,
    "start": "2022-03-10T09:43:08.494Z",
    "end": "2022-03-10T09:43:51.305Z",
    "duration": 42811,
    "testsRegistered": 2,
    "passPercent": 100,
    "pendingPercent": 0,
    "other": 0,
    "hasOther": false,
    "skipped": 0,
    "hasSkipped": false
  },
  "results": [
    {
      "uuid": "da442909-e71e-4a60-a413-fddb557eced1",
      "title": "",
      "fullFile": "cypress/integration/MCDirectory/SampleDemo.js",
      "file": "cypress/integration/MCDirectory/SampleDemo.js",
      "beforeHooks": [],
      "afterHooks": [],
      "tests": [],
      "suites": [
        {
          "uuid": "accb52c3-404f-416b-9cae-704c4d203380",
          "title": "Demo MC Test Suite",
          "fullFile": "",
          "file": "",
          "beforeHooks": [],
          "afterHooks": [],
          "tests": [
            {
              "title": "Verify Partners in Digital Payments ",
              "fullTitle": "Demo MC Test Suite Verify Partners in Digital Payments ",
              "timedOut": null,
              "duration": 20678,
              "state": "passed",
              "speed": "slow",
              "pass": true,
              "fail": false,
              "pending": false,
              "context": null,
              "code": "const homePage = new _HomePage.default();\nconst directoryPage = new _DirectoryPage.default();\nhomePage.getCookiesAcceptBttn().click();\nhomePage.getProductDirectoryButton().click();\ncy.contains('DIGITAL PAYMENTS').click();\ncy.wait(5000);\ndirectoryPage.getSearchPartnerTextField().type(this.data.DigitalPartner);\ndirectoryPage.getListedPartners().should('have.text', this.data.DigitalPartner);",
              "err": {},
              "uuid": "9284b977-efb6-41f3-9544-21c42c7442ad",
              "parentUUID": "accb52c3-404f-416b-9cae-704c4d203380",
              "isHook": false,
              "skipped": false
            },
            {
              "title": "Verify Partners in Fintech Express ",
              "fullTitle": "Demo MC Test Suite Verify Partners in Fintech Express ",
              "timedOut": null,
              "duration": 17478,
              "state": "passed",
              "speed": "slow",
              "pass": true,
              "fail": false,
              "pending": false,
              "context": null,
              "code": "const homePage = new _HomePage.default();\nconst directoryPage = new _DirectoryPage.default();\nhomePage.getCookiesAcceptBttn().click();\nhomePage.getProductDirectoryButton().click();\ncy.contains('FINTECH EXPRESS').click();\ncy.wait(5000);\ndirectoryPage.getSearchPartnerTextField().type(this.data.FintechPartner);\ndirectoryPage.getListedPartners().should('have.text', this.data.FintechPartner);",
              "err": {},
              "uuid": "cb06f852-d615-4a64-8956-ecd3753f5000",
              "parentUUID": "accb52c3-404f-416b-9cae-704c4d203380",
              "isHook": false,
              "skipped": false
            }
          ],
          "suites": [],
          "passes": [
            "9284b977-efb6-41f3-9544-21c42c7442ad",
            "cb06f852-d615-4a64-8956-ecd3753f5000"
          ],
          "failures": [],
          "pending": [],
          "skipped": [],
          "duration": 38156,
          "root": false,
          "rootEmpty": false,
          "_timeout": 2000
        }
      ],
      "passes": [],
      "failures": [],
      "pending": [],
      "skipped": [],
      "duration": 0,
      "root": true,
      "rootEmpty": true,
      "_timeout": 2000
    }
  ],
  "meta": {
    "mocha": {
      "version": "7.0.1"
    },
    "mochawesome": {
      "options": {
        "quiet": false,
        "reportFilename": "mochawesome",
        "saveHtml": true,
        "saveJson": true,
        "consoleReporter": "spec",
        "useInlineDiffs": false
      },
      "version": "4.1.0"
    },
    "marge": {
      "options": {
        "reportDir": "cypress/results",
        "overwrite": false,
        "html": true,
        "json": true
      },
      "version": "4.1.0"
    }
  }
}