{
  "stats": {
    "suites": 1,
    "tests": 1,
    "passes": 1,
    "pending": 0,
    "failures": 0,
    "start": "2022-03-17T06:00:14.641Z",
    "end": "2022-03-17T06:00:38.596Z",
    "duration": 23955,
    "testsRegistered": 1,
    "passPercent": 100,
    "pendingPercent": 0,
    "other": 0,
    "hasOther": false,
    "skipped": 0,
    "hasSkipped": false
  },
  "results": [
    {
      "uuid": "8cd1286e-ad18-49cc-91a9-beb1d7e184b0",
      "title": "",
      "fullFile": "cypress/TestCases/MCDirectory/SampleDemo.js",
      "file": "cypress/TestCases/MCDirectory/SampleDemo.js",
      "beforeHooks": [],
      "afterHooks": [],
      "tests": [],
      "suites": [
        {
          "uuid": "06f6d013-29b8-4f36-9884-0c9cce304d1a",
          "title": "Demo MC Test Suite",
          "fullFile": "",
          "file": "",
          "beforeHooks": [],
          "afterHooks": [],
          "tests": [
            {
              "title": "Verify Currency Converter in MasterCard",
              "fullTitle": "Demo MC Test Suite Verify Currency Converter in MasterCard",
              "timedOut": null,
              "duration": 21076,
              "state": "passed",
              "speed": "slow",
              "pass": true,
              "fail": false,
              "pending": false,
              "context": null,
              "code": "homePage.clickCookiesAccBttn();\nhomePage.clickMasterCardTabMenu();\nhomePage.clickCurrencyConverterMenu();\nsupportPage.clickTransCurrencyDDBttn();\nsupportPage.clickTransactionSearchBttn(this.data.CurrencyInputs.from.TransCurrency);\nsupportPage.EnterTransactionAmt(this.data.CurrencyInputs.from.Amount);\nsupportPage.clickCardCurrencyDDButtn();\nsupportPage.EnterCardCurrency(this.data.CurrencyInputs.to.CardCurrency);\nsupportPage.EnterBankFee(this.data.CurrencyInputs.to.BankFee);\nsupportPage.doublClickDateIcon(); //Validation part with cypress \nsupportPage.getExchangeInfo().should('contain.text', '50,000.00 INR');",
              "err": {},
              "uuid": "a2519598-5959-41da-8c1f-36a2baffe475",
              "parentUUID": "06f6d013-29b8-4f36-9884-0c9cce304d1a",
              "isHook": false,
              "skipped": false
            }
          ],
          "suites": [],
          "passes": [
            "a2519598-5959-41da-8c1f-36a2baffe475"
          ],
          "failures": [],
          "pending": [],
          "skipped": [],
          "duration": 21076,
          "root": false,
          "rootEmpty": false,
          "_timeout": 2000
        }
      ],
      "passes": [],
      "failures": [],
      "pending": [],
      "skipped": [],
      "duration": 0,
      "root": true,
      "rootEmpty": true,
      "_timeout": 2000
    }
  ],
  "meta": {
    "mocha": {
      "version": "7.0.1"
    },
    "mochawesome": {
      "options": {
        "quiet": false,
        "reportFilename": "mochawesome",
        "saveHtml": true,
        "saveJson": true,
        "consoleReporter": "spec",
        "useInlineDiffs": false
      },
      "version": "4.1.0"
    },
    "marge": {
      "options": {
        "reportDir": "cypress/results",
        "overwrite": false,
        "html": true,
        "json": true
      },
      "version": "4.1.0"
    }
  }
}