{
  "stats": {
    "suites": 1,
    "tests": 3,
    "passes": 2,
    "pending": 0,
    "failures": 1,
    "start": "2022-03-11T04:09:37.269Z",
    "end": "2022-03-11T04:11:01.459Z",
    "duration": 84190,
    "testsRegistered": 3,
    "passPercent": 66.66666666666666,
    "pendingPercent": 0,
    "other": 0,
    "hasOther": false,
    "skipped": 0,
    "hasSkipped": false
  },
  "results": [
    {
      "uuid": "d08970c0-1f9d-4100-8e6e-fea137e58797",
      "title": "",
      "fullFile": "cypress/integration/MCDirectory/SampleDemo.js",
      "file": "cypress/integration/MCDirectory/SampleDemo.js",
      "beforeHooks": [],
      "afterHooks": [],
      "tests": [],
      "suites": [
        {
          "uuid": "fe4b60f4-3750-4adb-9b2f-955ee9f80bf6",
          "title": "Demo MC Test Suite",
          "fullFile": "",
          "file": "",
          "beforeHooks": [],
          "afterHooks": [],
          "tests": [
            {
              "title": "Verify Partners in Digital Payments",
              "fullTitle": "Demo MC Test Suite Verify Partners in Digital Payments",
              "timedOut": null,
              "duration": 39564,
              "state": "passed",
              "speed": "slow",
              "pass": true,
              "fail": false,
              "pending": false,
              "context": null,
              "code": "homePage.getCookiesAcceptBttn().click();\nhomePage.getProductDirectoryButton().click();\ncy.contains('DIGITAL PAYMENTS').click();\ncy.wait(5000);\ndirectoryPage.getSearchPartnerTextField().type(this.data.DigitalPartner);\ndirectoryPage.getListedPartners().should('have.text', this.data.DigitalPartner);",
              "err": {},
              "uuid": "02a71477-bd00-4874-a31f-55d3fd4498cb",
              "parentUUID": "fe4b60f4-3750-4adb-9b2f-955ee9f80bf6",
              "isHook": false,
              "skipped": false
            },
            {
              "title": "Verify Partners in Fintech Express ",
              "fullTitle": "Demo MC Test Suite Verify Partners in Fintech Express ",
              "timedOut": null,
              "duration": 18808,
              "state": "passed",
              "speed": "slow",
              "pass": true,
              "fail": false,
              "pending": false,
              "context": null,
              "code": "homePage.getCookiesAcceptBttn().click();\nhomePage.getProductDirectoryButton().click();\ncy.contains('FINTECH EXPRESS').click();\ncy.wait(5000);\ndirectoryPage.getSearchPartnerTextField().type(this.data.FintechPartner);\ndirectoryPage.getListedPartners().should('have.text', this.data.FintechPartner);",
              "err": {},
              "uuid": "e367e1d9-df30-4ece-bdc5-ec56e052f9aa",
              "parentUUID": "fe4b60f4-3750-4adb-9b2f-955ee9f80bf6",
              "isHook": false,
              "skipped": false
            },
            {
              "title": "Verify Partners in Commercial ",
              "fullTitle": "Demo MC Test Suite Verify Partners in Commercial ",
              "timedOut": null,
              "duration": 21546,
              "state": "failed",
              "speed": null,
              "pass": false,
              "fail": true,
              "pending": false,
              "context": null,
              "code": "homePage.getCookiesAcceptBttn().click();\nhomePage.getProductDirectoryButton().click();\ncy.contains('COMMERCIAL').click();\ncy.wait(5000);\ncy.searchPartners(this.data.FintechPartner);\ncy.verifyPartners(this.data.FintechPartner);",
              "err": {
                "message": "AssertionError: Timed out retrying after 4000ms: Expected to find element: `.undefined > :nth-child(1)`, but never found it.",
                "estack": "AssertionError: Timed out retrying after 4000ms: Expected to find element: `.undefined > :nth-child(1)`, but never found it.\n    at Context.eval (https://www.mastercard.us/__cypress/tests?p=cypress\\support\\index.js:153:37)",
                "diff": null
              },
              "uuid": "3ec2b3c5-2b63-4067-a67e-a90c36538c55",
              "parentUUID": "fe4b60f4-3750-4adb-9b2f-955ee9f80bf6",
              "isHook": false,
              "skipped": false
            }
          ],
          "suites": [],
          "passes": [
            "02a71477-bd00-4874-a31f-55d3fd4498cb",
            "e367e1d9-df30-4ece-bdc5-ec56e052f9aa"
          ],
          "failures": [
            "3ec2b3c5-2b63-4067-a67e-a90c36538c55"
          ],
          "pending": [],
          "skipped": [],
          "duration": 79918,
          "root": false,
          "rootEmpty": false,
          "_timeout": 2000
        }
      ],
      "passes": [],
      "failures": [],
      "pending": [],
      "skipped": [],
      "duration": 0,
      "root": true,
      "rootEmpty": true,
      "_timeout": 2000
    }
  ],
  "meta": {
    "mocha": {
      "version": "7.0.1"
    },
    "mochawesome": {
      "options": {
        "quiet": false,
        "reportFilename": "mochawesome",
        "saveHtml": true,
        "saveJson": true,
        "consoleReporter": "spec",
        "useInlineDiffs": false
      },
      "version": "4.1.0"
    },
    "marge": {
      "options": {
        "reportDir": "cypress/results",
        "overwrite": false,
        "html": true,
        "json": true
      },
      "version": "4.1.0"
    }
  }
}